<?xml version="1.0" encoding="UTF-8"?>
<testng-results skipped="0" failed="0" total="1" passed="1">
  <reporter-output>
  </reporter-output>
  <suite name="Default suite" duration-ms="22757" started-at="2018-05-20T18:27:46Z" finished-at="2018-05-20T18:28:09Z">
    <groups>
    </groups>
    <test name="Default test" duration-ms="22757" started-at="2018-05-20T18:27:46Z" finished-at="2018-05-20T18:28:09Z">
      <class name="com.sm.name.ebayAppium.Basic">
        <test-method status="PASS" signature="beforeMethod()[pri:0, instance:com.sm.name.ebayAppium.Basic@55f3ddb1]" name="beforeMethod" is-config="true" duration-ms="9" started-at="2018-05-20T23:57:46Z" finished-at="2018-05-20T23:57:46Z">
          <reporter-output>
          </reporter-output>
        </test-method> <!-- beforeMethod -->
        <test-method status="PASS" signature="testCal()[pri:0, instance:com.sm.name.ebayAppium.Basic@55f3ddb1]" name="testCal" duration-ms="19348" started-at="2018-05-20T23:57:46Z" finished-at="2018-05-20T23:58:05Z">
          <reporter-output>
          </reporter-output>
        </test-method> <!-- testCal -->
        <test-method status="PASS" signature="afterMethod()[pri:0, instance:com.sm.name.ebayAppium.Basic@55f3ddb1]" name="afterMethod" is-config="true" duration-ms="3375" started-at="2018-05-20T23:58:05Z" finished-at="2018-05-20T23:58:09Z">
          <reporter-output>
          </reporter-output>
        </test-method> <!-- afterMethod -->
      </class> <!-- com.sm.name.ebayAppium.Basic -->
    </test> <!-- Default test -->
  </suite> <!-- Default suite -->
</testng-results>
